0 info it worked if it ends with ok
1 verbose cli [ '/usr/bin/node', '/usr/bin/npm', 'publish' ]
2 info using npm@1.1.69
3 info using node@v0.8.16
4 verbose publish [ '.' ]
5 verbose read json /home/wuminghan/workspace/node-watch-compile/package.json
6 verbose cache add [ '.', null ]
7 silly cache add name=undefined spec="." args=[".",null]
8 verbose parsed url { pathname: '.', path: '.', href: '.' }
9 silly lockFile 3a52ce78- .
10 verbose lock . /home/wuminghan/.npm/3a52ce78-.lock
11 verbose read json package.json
12 verbose tar pack [ '/home/wuminghan/tmp/npm-6872/1356588213691-0.606979290721938/tmp.tgz',
12 verbose tar pack   '.' ]
13 verbose tarball /home/wuminghan/tmp/npm-6872/1356588213691-0.606979290721938/tmp.tgz
14 verbose folder .
15 info prepublish watch-compile@0.0.4
16 silly lockFile ffe61da9-213691-0-606979290721938-tmp-tgz /home/wuminghan/tmp/npm-6872/1356588213691-0.606979290721938/tmp.tgz
17 verbose lock /home/wuminghan/tmp/npm-6872/1356588213691-0.606979290721938/tmp.tgz /home/wuminghan/.npm/ffe61da9-213691-0-606979290721938-tmp-tgz.lock
18 silly lockFile ffe61da9-213691-0-606979290721938-tmp-tgz /home/wuminghan/tmp/npm-6872/1356588213691-0.606979290721938/tmp.tgz
19 verbose tar unpack /home/wuminghan/tmp/npm-6872/1356588213691-0.606979290721938/tmp.tgz
20 silly lockFile 1eaddeee-213691-0-606979290721938-package /home/wuminghan/tmp/npm-6872/1356588213691-0.606979290721938/package
21 verbose lock /home/wuminghan/tmp/npm-6872/1356588213691-0.606979290721938/package /home/wuminghan/.npm/1eaddeee-213691-0-606979290721938-package.lock
22 silly gunzTarPerm modes [ '755', '644' ]
23 silly gunzTarPerm extractEntry package.json
24 silly gunzTarPerm extractEntry .npmignore
25 silly gunzTarPerm extractEntry README.md
26 silly gunzTarPerm extractEntry test/js/test.js
27 silly gunzTarPerm extractEntry test/js/test.coffee
28 silly gunzTarPerm extractEntry test/Watchfile
29 silly gunzTarPerm extractEntry lib/watch.js
30 silly gunzTarPerm extractEntry bin/watchcompile
31 verbose read json /home/wuminghan/tmp/npm-6872/1356588213691-0.606979290721938/package/package.json
32 silly lockFile 1eaddeee-213691-0-606979290721938-package /home/wuminghan/tmp/npm-6872/1356588213691-0.606979290721938/package
33 verbose from cache /home/wuminghan/tmp/npm-6872/1356588213691-0.606979290721938/package/package.json
34 verbose tar pack [ '/home/wuminghan/.npm/watch-compile/0.0.4/package.tgz',
34 verbose tar pack   '/home/wuminghan/tmp/npm-6872/1356588213691-0.606979290721938/package' ]
35 verbose tarball /home/wuminghan/.npm/watch-compile/0.0.4/package.tgz
36 verbose folder /home/wuminghan/tmp/npm-6872/1356588213691-0.606979290721938/package
37 silly lockFile 797d10b7--watch-compile-0-0-4-package-tgz /home/wuminghan/.npm/watch-compile/0.0.4/package.tgz
38 verbose lock /home/wuminghan/.npm/watch-compile/0.0.4/package.tgz /home/wuminghan/.npm/797d10b7--watch-compile-0-0-4-package-tgz.lock
39 silly lockFile 797d10b7--watch-compile-0-0-4-package-tgz /home/wuminghan/.npm/watch-compile/0.0.4/package.tgz
40 silly lockFile 8b56d80b--npm-watch-compile-0-0-4-package /home/wuminghan/.npm/watch-compile/0.0.4/package
41 verbose lock /home/wuminghan/.npm/watch-compile/0.0.4/package /home/wuminghan/.npm/8b56d80b--npm-watch-compile-0-0-4-package.lock
42 silly lockFile 8b56d80b--npm-watch-compile-0-0-4-package /home/wuminghan/.npm/watch-compile/0.0.4/package
43 verbose tar unpack /home/wuminghan/.npm/watch-compile/0.0.4/package.tgz
44 silly lockFile 8b56d80b--npm-watch-compile-0-0-4-package /home/wuminghan/.npm/watch-compile/0.0.4/package
45 verbose lock /home/wuminghan/.npm/watch-compile/0.0.4/package /home/wuminghan/.npm/8b56d80b--npm-watch-compile-0-0-4-package.lock
46 silly gunzTarPerm modes [ '755', '644' ]
47 silly gunzTarPerm extractEntry package.json
48 silly gunzTarPerm extractEntry .npmignore
49 silly gunzTarPerm extractEntry README.md
50 silly gunzTarPerm extractEntry test/js/test.js
51 silly gunzTarPerm extractEntry test/js/test.coffee
52 silly gunzTarPerm extractEntry test/Watchfile
53 silly gunzTarPerm extractEntry lib/watch.js
54 silly gunzTarPerm extractEntry bin/watchcompile
55 verbose read json /home/wuminghan/.npm/watch-compile/0.0.4/package/package.json
56 silly lockFile 8b56d80b--npm-watch-compile-0-0-4-package /home/wuminghan/.npm/watch-compile/0.0.4/package
57 silly shasum updated bytes 2996
58 info shasum d0bf9ab24d95d8cf8ecb8192909b0ae241e4efa1
58 info shasum /home/wuminghan/.npm/watch-compile/0.0.4/package.tgz
59 verbose from cache /home/wuminghan/.npm/watch-compile/0.0.4/package/package.json
60 verbose chmod /home/wuminghan/.npm/watch-compile/0.0.4/package.tgz 644
61 verbose chown /home/wuminghan/.npm/watch-compile/0.0.4/package.tgz [ 1000, 1000 ]
62 silly lockFile 3a52ce78- .
63 silly publish { author: { name: 'NStal' },
63 silly publish   name: 'watch-compile',
63 silly publish   description: 'An watch-compile tool for nodejs.Useful for webdev real-time compilation such as less/coffee or what ever you want.',
63 silly publish   version: '0.0.4',
63 silly publish   repository:
63 silly publish    { type: 'git',
63 silly publish      url: 'https://github.com/NStal/node-watch-compile' },
63 silly publish   keywords:
63 silly publish    [ 'compile',
63 silly publish      'watcher',
63 silly publish      'watch',
63 silly publish      'jade',
63 silly publish      'less',
63 silly publish      'coffee',
63 silly publish      'stylus',
63 silly publish      'sass' ],
63 silly publish   engines: { node: '*' },
63 silly publish   dependencies: { wrench: '*', commander: '*' },
63 silly publish   directories: { lib: './lib', bin: './bin' },
63 silly publish   main: './lib/watch.js',
63 silly publish   bin: { watchcompile: 'bin/watchcompile' },
63 silly publish   readme: 'node-watch-compile\n==================\n# Note\nOnly tested under linux.Nodejs\'s fs.watch is used to watch file changes,but these API is not gareteed in all platform.The availability can be found at http://nodejs.org/api/fs.html#fs_availability\n\nAn watch-compile tool for nodejs.Useful for webdev real-time compilation for less/coffee or what ever.\n# Install\n```bash\nsudo npm install -g watch-compile\n```\n\n# Usage\n```bash\nwatchcompile -f Watchfile -i 300\n```\n-f is used to specify the Watchfile which contained watch rules. default is "./Watchfile"\n-i special the minum recompile interval.Default is 500ms.\n\nWhen change between minum interval,the compile process will not be abort,and the latest change will not compiled.In order to prevent unwanted result the -i should be less than default settings.\n\nWhen change happend after minum compile interval,then an recompile will triggered,by your rules defined in Watchfile(latter example).But when the last change-compile is still running,That one will be aborted.\n\n#Watchfile\n```bash\n#create an default Watchfile at ./\nwatchcompile -c\n```\nA default Watchfile is like below\n```javascript\n//{basename} /css/style.less => style.less\n//{fullpath} /css/style.less => /css/style.less (unchanged)\n//{filename} /css/style.less => style\n//{extname}  /css/style.less => .less\n//{directory} /css/style.less => /css/\nexports.watchList = [\n    [/^.*coffee$/,"coffee -c {fullpath}"]\t\n    ,[/^.*less$/,"lessc {fullpath} > {directory}{basename}.css"]\n]\n```\nWatchfile is considered as an standard node module and latter running by require("vm").runInContext.\nexports.watchList MUST be an Array of 2 dimension.Each of the elements contain [RegExp for matched file,cmdline for what to do when compile]\n\nConsider the folder structure\n```\n/Watchfile  #this one is the example\n/index.html\n/js/code.coffee\n/css/style.less\n```\n\nWhen running watchcompile at /\n\n```\n/js/code.coffee is matched by [/^.*coffee$/,"coffee -c {fullpath}"]\n/css/style.less is matched by [/^.*less$/,"lessc {fullpath} > {directory}{basename}.css"]\n]\n```\nSo when /js/code.coffee changed."coffee -c /js/code.coffee" is excuted.\n\nWhen /css/style.less changed."lessc /css/style.less > /css/style.css" is excuted.\n\nSupported place holder are :\n```\n{basename} /css/style.less => style.less\n{fullpath} /css/style.less => /css/style.less (unchanged)\n{filename} /css/style.less => style\n{extname}  /css/style.less => .less\n{directory} /css/style.less => /css/\n```\n# Note\nSince Watchfile is considered and excuted as node module.So you can do what ever you want in side to generate any exports.watchList you want in your own logic.\n',
63 silly publish   readmeFilename: 'README.md',
63 silly publish   _id: 'watch-compile@0.0.4',
63 silly publish   dist: { shasum: 'd0bf9ab24d95d8cf8ecb8192909b0ae241e4efa1' } }
64 verbose url raw watch-compile
65 verbose url resolving [ 'https://registry.npmjs.org/', './watch-compile' ]
66 verbose url resolved https://registry.npmjs.org/watch-compile
67 info trying registry request attempt 1 at 14:03:33
68 http PUT https://registry.npmjs.org/watch-compile
69 http 409 https://registry.npmjs.org/watch-compile
70 verbose url raw watch-compile
71 verbose url resolving [ 'https://registry.npmjs.org/', './watch-compile' ]
72 verbose url resolved https://registry.npmjs.org/watch-compile
73 info trying registry request attempt 1 at 14:03:36
74 http GET https://registry.npmjs.org/watch-compile
75 http 200 https://registry.npmjs.org/watch-compile
76 error publish fail Cannot publish over existing version.
76 error publish fail Bump the 'version' field, set the --force flag, or
76 error publish fail     npm unpublish 'watch-compile@0.0.4'
76 error publish fail and try again
77 error System Linux 3.6.10-1-ARCH
78 error command "/usr/bin/node" "/usr/bin/npm" "publish"
79 error cwd /home/wuminghan/workspace/node-watch-compile
80 error node -v v0.8.16
81 error npm -v 1.1.69
82 error code EPUBLISHCONFLICT
83 verbose exit [ 1, true ]
